{"/home/runner/work/utils/utils/src/arrayToObject/arrayToObject.ts": {"path":"/home/runner/work/utils/utils/src/arrayToObject/arrayToObject.ts","statementMap":{"0":{"start":{"line":24,"column":29},"end":{"line":38,"column":1}},"1":{"start":{"line":31,"column":17},"end":{"line":31,"column":19}},"2":{"start":{"line":32,"column":2},"end":{"line":36,"column":null}},"3":{"start":{"line":33,"column":16},"end":{"line":33,"column":36}},"4":{"start":{"line":34,"column":18},"end":{"line":34,"column":40}},"5":{"start":{"line":35,"column":4},"end":{"line":35,"column":null}},"6":{"start":{"line":37,"column":2},"end":{"line":37,"column":null}},"7":{"start":{"line":24,"column":13},"end":{"line":24,"column":29}}},"fnMap":{"0":{"name":"(anonymous_0)","decl":{"start":{"line":24,"column":29},"end":{"line":24,"column":null}},"loc":{"start":{"line":30,"column":4},"end":{"line":38,"column":1}}},"1":{"name":"(anonymous_1)","decl":{"start":{"line":32,"column":14},"end":{"line":32,"column":15}},"loc":{"start":{"line":32,"column":23},"end":{"line":36,"column":3}}}},"branchMap":{"0":{"loc":{"start":{"line":26,"column":2},"end":{"line":29,"column":null}},"type":"default-arg","locations":[{"start":{"line":26,"column":15},"end":{"line":29,"column":null}}]}},"s":{"0":1,"1":2,"2":2,"3":4,"4":4,"5":4,"6":2,"7":1},"f":{"0":2,"1":4},"b":{"0":[1]}}
,"/home/runner/work/utils/utils/src/compose/compose.ts": {"path":"/home/runner/work/utils/utils/src/compose/compose.ts","statementMap":{"0":{"start":{"line":18,"column":2},"end":{"line":18,"column":null}},"1":{"start":{"line":18,"column":20},"end":{"line":18,"column":61}},"2":{"start":{"line":18,"column":46},"end":{"line":18,"column":53}},"3":{"start":{"line":17,"column":0},"end":{"line":17,"column":16}}},"fnMap":{"0":{"name":"compose","decl":{"start":{"line":17,"column":16},"end":{"line":17,"column":23}},"loc":{"start":{"line":17,"column":35},"end":{"line":19,"column":1}}},"1":{"name":"(anonymous_1)","decl":{"start":{"line":18,"column":9},"end":{"line":18,"column":10}},"loc":{"start":{"line":18,"column":20},"end":{"line":18,"column":61}}},"2":{"name":"(anonymous_2)","decl":{"start":{"line":18,"column":33},"end":{"line":18,"column":34}},"loc":{"start":{"line":18,"column":46},"end":{"line":18,"column":53}}}},"branchMap":{},"s":{"0":1,"1":1,"2":3,"3":1},"f":{"0":1,"1":1,"2":3},"b":{}}
,"/home/runner/work/utils/utils/src/curry/curry.ts": {"path":"/home/runner/work/utils/utils/src/curry/curry.ts","statementMap":{"0":{"start":{"line":26,"column":2},"end":{"line":33,"column":null}},"1":{"start":{"line":27,"column":4},"end":{"line":29,"column":null}},"2":{"start":{"line":28,"column":6},"end":{"line":28,"column":null}},"3":{"start":{"line":30,"column":4},"end":{"line":32,"column":null}},"4":{"start":{"line":31,"column":6},"end":{"line":31,"column":null}},"5":{"start":{"line":25,"column":0},"end":{"line":25,"column":16}}},"fnMap":{"0":{"name":"curry","decl":{"start":{"line":25,"column":16},"end":{"line":25,"column":21}},"loc":{"start":{"line":25,"column":57},"end":{"line":34,"column":1}}},"1":{"name":"carried","decl":{"start":{"line":26,"column":18},"end":{"line":26,"column":25}},"loc":{"start":{"line":26,"column":45},"end":{"line":33,"column":3}}},"2":{"name":"carried2","decl":{"start":{"line":30,"column":20},"end":{"line":30,"column":28}},"loc":{"start":{"line":30,"column":49},"end":{"line":32,"column":5}}}},"branchMap":{"0":{"loc":{"start":{"line":25,"column":38},"end":{"line":25,"column":57}},"type":"default-arg","locations":[{"start":{"line":25,"column":46},"end":{"line":25,"column":57}}]},"1":{"loc":{"start":{"line":27,"column":4},"end":{"line":29,"column":null}},"type":"if","locations":[{"start":{"line":27,"column":4},"end":{"line":29,"column":null}}]}},"s":{"0":1,"1":8,"2":4,"3":4,"4":4,"5":1},"f":{"0":1,"1":8,"2":4},"b":{"0":[1],"1":[4]}}
,"/home/runner/work/utils/utils/src/debounce/debounce.ts": {"path":"/home/runner/work/utils/utils/src/debounce/debounce.ts","statementMap":{"0":{"start":{"line":22,"column":2},"end":{"line":37,"column":null}},"1":{"start":{"line":23,"column":4},"end":{"line":25,"column":null}},"2":{"start":{"line":24,"column":6},"end":{"line":24,"column":null}},"3":{"start":{"line":26,"column":4},"end":{"line":36,"column":null}},"4":{"start":{"line":27,"column":6},"end":{"line":27,"column":null}},"5":{"start":{"line":28,"column":6},"end":{"line":30,"column":null}},"6":{"start":{"line":29,"column":8},"end":{"line":29,"column":null}},"7":{"start":{"line":32,"column":6},"end":{"line":35,"column":null}},"8":{"start":{"line":33,"column":8},"end":{"line":33,"column":null}},"9":{"start":{"line":34,"column":8},"end":{"line":34,"column":null}},"10":{"start":{"line":20,"column":0},"end":{"line":20,"column":16}}},"fnMap":{"0":{"name":"debounce","decl":{"start":{"line":20,"column":16},"end":{"line":20,"column":24}},"loc":{"start":{"line":20,"column":70},"end":{"line":38,"column":1}}},"1":{"name":"next","decl":{"start":{"line":22,"column":18},"end":{"line":22,"column":22}},"loc":{"start":{"line":22,"column":49},"end":{"line":37,"column":3}}},"2":{"name":"(anonymous_2)","decl":{"start":{"line":28,"column":25},"end":{"line":28,"column":28}},"loc":{"start":{"line":28,"column":30},"end":{"line":30,"column":7}}},"3":{"name":"(anonymous_3)","decl":{"start":{"line":32,"column":25},"end":{"line":32,"column":28}},"loc":{"start":{"line":32,"column":30},"end":{"line":35,"column":7}}}},"branchMap":{"0":{"loc":{"start":{"line":20,"column":41},"end":{"line":20,"column":51}},"type":"default-arg","locations":[{"start":{"line":20,"column":48},"end":{"line":20,"column":51}}]},"1":{"loc":{"start":{"line":20,"column":53},"end":{"line":20,"column":70}},"type":"default-arg","locations":[{"start":{"line":20,"column":65},"end":{"line":20,"column":70}}]},"2":{"loc":{"start":{"line":23,"column":4},"end":{"line":25,"column":null}},"type":"if","locations":[{"start":{"line":23,"column":4},"end":{"line":25,"column":null}}]},"3":{"loc":{"start":{"line":26,"column":4},"end":{"line":36,"column":null}},"type":"if","locations":[{"start":{"line":26,"column":4},"end":{"line":36,"column":null}},{"start":{"line":31,"column":11},"end":{"line":36,"column":null}}]},"4":{"loc":{"start":{"line":27,"column":6},"end":{"line":27,"column":38}},"type":"binary-expr","locations":[{"start":{"line":27,"column":6},"end":{"line":27,"column":12}},{"start":{"line":27,"column":16},"end":{"line":27,"column":38}}]}},"s":{"0":2,"1":6,"2":3,"3":6,"4":2,"5":2,"6":1,"7":4,"8":1,"9":1,"10":1},"f":{"0":2,"1":6,"2":1,"3":1},"b":{"0":[1],"1":[1],"2":[3],"3":[2,4],"4":[2,2]}}
,"/home/runner/work/utils/utils/src/formatOptions/formatOptions.ts": {"path":"/home/runner/work/utils/utils/src/formatOptions/formatOptions.ts","statementMap":{"0":{"start":{"line":24,"column":29},"end":{"line":33,"column":3}},"1":{"start":{"line":30,"column":5},"end":{"line":33,"column":3}},"2":{"start":{"line":30,"column":24},"end":{"line":33,"column":2}},"3":{"start":{"line":24,"column":13},"end":{"line":24,"column":29}}},"fnMap":{"0":{"name":"(anonymous_0)","decl":{"start":{"line":24,"column":29},"end":{"line":24,"column":null}},"loc":{"start":{"line":30,"column":5},"end":{"line":33,"column":3}}},"1":{"name":"(anonymous_1)","decl":{"start":{"line":30,"column":13},"end":{"line":30,"column":14}},"loc":{"start":{"line":30,"column":24},"end":{"line":33,"column":2}}}},"branchMap":{"0":{"loc":{"start":{"line":26,"column":2},"end":{"line":29,"column":null}},"type":"default-arg","locations":[{"start":{"line":26,"column":15},"end":{"line":29,"column":null}}]}},"s":{"0":1,"1":2,"2":4,"3":1},"f":{"0":2,"1":4},"b":{"0":[1]}}
,"/home/runner/work/utils/utils/src/formatTime/formatTime.ts": {"path":"/home/runner/work/utils/utils/src/formatTime/formatTime.ts","statementMap":{"0":{"start":{"line":21,"column":15},"end":{"line":21,"column":34}},"1":{"start":{"line":22,"column":15},"end":{"line":22,"column":18}},"2":{"start":{"line":23,"column":12},"end":{"line":31,"column":null}},"3":{"start":{"line":32,"column":2},"end":{"line":40,"column":null}},"4":{"start":{"line":33,"column":4},"end":{"line":39,"column":null}},"5":{"start":{"line":41,"column":2},"end":{"line":48,"column":null}},"6":{"start":{"line":42,"column":4},"end":{"line":47,"column":null}},"7":{"start":{"line":43,"column":6},"end":{"line":46,"column":null}},"8":{"start":{"line":49,"column":2},"end":{"line":49,"column":null}},"9":{"start":{"line":20,"column":0},"end":{"line":20,"column":16}}},"fnMap":{"0":{"name":"formatTime","decl":{"start":{"line":20,"column":16},"end":{"line":20,"column":26}},"loc":{"start":{"line":20,"column":64},"end":{"line":50,"column":1}}}},"branchMap":{"0":{"loc":{"start":{"line":20,"column":46},"end":{"line":20,"column":64}},"type":"default-arg","locations":[{"start":{"line":20,"column":52},"end":{"line":20,"column":64}}]},"1":{"loc":{"start":{"line":32,"column":2},"end":{"line":40,"column":null}},"type":"if","locations":[{"start":{"line":32,"column":2},"end":{"line":40,"column":null}}]},"2":{"loc":{"start":{"line":42,"column":4},"end":{"line":47,"column":null}},"type":"if","locations":[{"start":{"line":42,"column":4},"end":{"line":47,"column":null}}]},"3":{"loc":{"start":{"line":45,"column":8},"end":{"line":45,"column":76}},"type":"cond-expr","locations":[{"start":{"line":45,"column":33},"end":{"line":45,"column":37}},{"start":{"line":45,"column":40},"end":{"line":45,"column":76}}]}},"s":{"0":2,"1":2,"2":2,"3":2,"4":2,"5":2,"6":14,"7":4,"8":2,"9":1},"f":{"0":2},"b":{"0":[1],"1":[2],"2":[4],"3":[0,4]}}
,"/home/runner/work/utils/utils/src/formatTree/formatTree.ts": {"path":"/home/runner/work/utils/utils/src/formatTree/formatTree.ts","statementMap":{"0":{"start":{"line":94,"column":52},"end":{"line":94,"column":57}},"1":{"start":{"line":95,"column":19},"end":{"line":95,"column":28}},"2":{"start":{"line":96,"column":20},"end":{"line":96,"column":35}},"3":{"start":{"line":97,"column":2},"end":{"line":97,"column":null}},"4":{"start":{"line":97,"column":17},"end":{"line":97,"column":null}},"5":{"start":{"line":98,"column":2},"end":{"line":100,"column":null}},"6":{"start":{"line":99,"column":4},"end":{"line":99,"column":null}},"7":{"start":{"line":101,"column":2},"end":{"line":111,"column":null}},"8":{"start":{"line":102,"column":21},"end":{"line":107,"column":6}},"9":{"start":{"line":108,"column":4},"end":{"line":110,"column":null}},"10":{"start":{"line":109,"column":6},"end":{"line":109,"column":11}},"11":{"start":{"line":93,"column":0},"end":{"line":93,"column":16}}},"fnMap":{"0":{"name":"formatTree","decl":{"start":{"line":93,"column":16},"end":{"line":93,"column":26}},"loc":{"start":{"line":93,"column":39},"end":{"line":112,"column":1}}}},"branchMap":{"0":{"loc":{"start":{"line":94,"column":20},"end":{"line":94,"column":29}},"type":"default-arg","locations":[{"start":{"line":94,"column":28},"end":{"line":94,"column":29}}]},"1":{"loc":{"start":{"line":94,"column":31},"end":{"line":94,"column":47}},"type":"default-arg","locations":[{"start":{"line":94,"column":37},"end":{"line":94,"column":47}}]},"2":{"loc":{"start":{"line":97,"column":2},"end":{"line":97,"column":null}},"type":"if","locations":[{"start":{"line":97,"column":2},"end":{"line":97,"column":null}}]},"3":{"loc":{"start":{"line":98,"column":2},"end":{"line":100,"column":null}},"type":"if","locations":[{"start":{"line":98,"column":2},"end":{"line":100,"column":null}}]},"4":{"loc":{"start":{"line":98,"column":8},"end":{"line":98,"column":54}},"type":"binary-expr","locations":[{"start":{"line":98,"column":8},"end":{"line":98,"column":31}},{"start":{"line":98,"column":35},"end":{"line":98,"column":54}}]},"5":{"loc":{"start":{"line":108,"column":4},"end":{"line":110,"column":null}},"type":"if","locations":[{"start":{"line":108,"column":4},"end":{"line":110,"column":null}}]}},"s":{"0":5,"1":5,"2":5,"3":5,"4":0,"5":5,"6":2,"7":3,"8":4,"9":4,"10":2,"11":1},"f":{"0":5},"b":{"0":[1],"1":[0],"2":[0],"3":[2],"4":[5,3],"5":[2]}}
,"/home/runner/work/utils/utils/src/formatTreeSelectProps/formatTreeSelectProps.ts": {"path":"/home/runner/work/utils/utils/src/formatTreeSelectProps/formatTreeSelectProps.ts","statementMap":{"0":{"start":{"line":81,"column":60},"end":{"line":111,"column":2}},"1":{"start":{"line":89,"column":6},"end":{"line":111,"column":2}},"2":{"start":{"line":90,"column":2},"end":{"line":105,"column":null}},"3":{"start":{"line":94,"column":4},"end":{"line":104,"column":null}},"4":{"start":{"line":106,"column":2},"end":{"line":110,"column":null}},"5":{"start":{"line":81,"column":13},"end":{"line":81,"column":60}}},"fnMap":{"0":{"name":"(anonymous_0)","decl":{"start":{"line":81,"column":60},"end":{"line":81,"column":61}},"loc":{"start":{"line":89,"column":6},"end":{"line":111,"column":2}}},"1":{"name":"(anonymous_1)","decl":{"start":{"line":89,"column":15},"end":{"line":89,"column":16}},"loc":{"start":{"line":89,"column":24},"end":{"line":111,"column":1}}}},"branchMap":{"0":{"loc":{"start":{"line":83,"column":2},"end":{"line":87,"column":null}},"type":"default-arg","locations":[{"start":{"line":83,"column":15},"end":{"line":87,"column":null}}]},"1":{"loc":{"start":{"line":88,"column":2},"end":{"line":88,"column":26}},"type":"default-arg","locations":[{"start":{"line":88,"column":21},"end":{"line":88,"column":26}}]},"2":{"loc":{"start":{"line":90,"column":2},"end":{"line":105,"column":null}},"type":"if","locations":[{"start":{"line":90,"column":2},"end":{"line":105,"column":null}}]},"3":{"loc":{"start":{"line":91,"column":4},"end":{"line":92,"column":45}},"type":"binary-expr","locations":[{"start":{"line":91,"column":4},"end":{"line":91,"column":44}},{"start":{"line":92,"column":9},"end":{"line":92,"column":45}}]}},"s":{"0":1,"1":3,"2":4,"3":2,"4":2,"5":1},"f":{"0":3,"1":4},"b":{"0":[1],"1":[1],"2":[2],"3":[4,2]}}
,"/home/runner/work/utils/utils/src/get/get.ts": {"path":"/home/runner/work/utils/utils/src/get/get.ts","statementMap":{"0":{"start":{"line":28,"column":19},"end":{"line":39,"column":1}},"1":{"start":{"line":30,"column":16},"end":{"line":30,"column":60}},"2":{"start":{"line":31,"column":15},"end":{"line":31,"column":21}},"3":{"start":{"line":32,"column":2},"end":{"line":37,"column":null}},"4":{"start":{"line":33,"column":4},"end":{"line":33,"column":null}},"5":{"start":{"line":34,"column":4},"end":{"line":36,"column":null}},"6":{"start":{"line":35,"column":6},"end":{"line":35,"column":null}},"7":{"start":{"line":38,"column":2},"end":{"line":38,"column":null}},"8":{"start":{"line":28,"column":13},"end":{"line":28,"column":19}}},"fnMap":{"0":{"name":"(anonymous_0)","decl":{"start":{"line":28,"column":19},"end":{"line":28,"column":20}},"loc":{"start":{"line":28,"column":77},"end":{"line":39,"column":1}}}},"branchMap":{"0":{"loc":{"start":{"line":34,"column":4},"end":{"line":36,"column":null}},"type":"if","locations":[{"start":{"line":34,"column":4},"end":{"line":36,"column":null}}]}},"s":{"0":1,"1":5,"2":5,"3":5,"4":11,"5":11,"6":2,"7":3,"8":1},"f":{"0":5},"b":{"0":[2]}}
,"/home/runner/work/utils/utils/src/getDataType/getDataType.ts": {"path":"/home/runner/work/utils/utils/src/getDataType/getDataType.ts","statementMap":{"0":{"start":{"line":15,"column":18},"end":{"line":15,"column":54}},"1":{"start":{"line":16,"column":2},"end":{"line":16,"column":null}},"2":{"start":{"line":14,"column":0},"end":{"line":14,"column":16}}},"fnMap":{"0":{"name":"getDataType","decl":{"start":{"line":14,"column":16},"end":{"line":14,"column":27}},"loc":{"start":{"line":14,"column":38},"end":{"line":17,"column":1}}}},"branchMap":{},"s":{"0":8,"1":8,"2":1},"f":{"0":8},"b":{}}
,"/home/runner/work/utils/utils/src/getUrlParam/getUrlParam.ts": {"path":"/home/runner/work/utils/utils/src/getUrlParam/getUrlParam.ts","statementMap":{"0":{"start":{"line":13,"column":14},"end":{"line":13,"column":53}},"1":{"start":{"line":14,"column":15},"end":{"line":14,"column":42}},"2":{"start":{"line":15,"column":17},"end":{"line":15,"column":32}},"3":{"start":{"line":16,"column":2},"end":{"line":16,"column":null}},"4":{"start":{"line":12,"column":0},"end":{"line":12,"column":16}}},"fnMap":{"0":{"name":"getUrlParam","decl":{"start":{"line":12,"column":16},"end":{"line":12,"column":27}},"loc":{"start":{"line":12,"column":54},"end":{"line":17,"column":1}}}},"branchMap":{"0":{"loc":{"start":{"line":14,"column":15},"end":{"line":14,"column":42}},"type":"binary-expr","locations":[{"start":{"line":14,"column":15},"end":{"line":14,"column":18}},{"start":{"line":14,"column":22},"end":{"line":14,"column":42}}]},"1":{"loc":{"start":{"line":16,"column":9},"end":{"line":16,"column":47}},"type":"binary-expr","locations":[{"start":{"line":16,"column":10},"end":{"line":16,"column":16}},{"start":{"line":16,"column":20},"end":{"line":16,"column":40}},{"start":{"line":16,"column":45},"end":{"line":16,"column":47}}]}},"s":{"0":1,"1":1,"2":1,"3":1,"4":1},"f":{"0":1},"b":{"0":[1,0],"1":[1,1,0]}}
,"/home/runner/work/utils/utils/src/set/set.ts": {"path":"/home/runner/work/utils/utils/src/set/set.ts","statementMap":{"0":{"start":{"line":21,"column":16},"end":{"line":23,"column":50}},"1":{"start":{"line":24,"column":16},"end":{"line":24,"column":22}},"2":{"start":{"line":25,"column":14},"end":{"line":25,"column":26}},"3":{"start":{"line":26,"column":10},"end":{"line":26,"column":11}},"4":{"start":{"line":27,"column":2},"end":{"line":44,"column":null}},"5":{"start":{"line":28,"column":16},"end":{"line":28,"column":24}},"6":{"start":{"line":29,"column":19},"end":{"line":29,"column":32}},"7":{"start":{"line":30,"column":4},"end":{"line":37,"column":null}},"8":{"start":{"line":31,"column":6},"end":{"line":36,"column":null}},"9":{"start":{"line":32,"column":8},"end":{"line":32,"column":null}},"10":{"start":{"line":34,"column":24},"end":{"line":34,"column":60}},"11":{"start":{"line":35,"column":8},"end":{"line":35,"column":null}},"12":{"start":{"line":38,"column":4},"end":{"line":42,"column":null}},"13":{"start":{"line":39,"column":6},"end":{"line":39,"column":null}},"14":{"start":{"line":41,"column":6},"end":{"line":41,"column":null}},"15":{"start":{"line":43,"column":4},"end":{"line":43,"column":null}},"16":{"start":{"line":45,"column":2},"end":{"line":45,"column":null}},"17":{"start":{"line":20,"column":0},"end":{"line":20,"column":16}}},"fnMap":{"0":{"name":"set","decl":{"start":{"line":20,"column":16},"end":{"line":20,"column":19}},"loc":{"start":{"line":20,"column":56},"end":{"line":46,"column":1}}}},"branchMap":{"0":{"loc":{"start":{"line":21,"column":16},"end":{"line":23,"column":50}},"type":"cond-expr","locations":[{"start":{"line":22,"column":6},"end":{"line":22,"column":10}},{"start":{"line":23,"column":6},"end":{"line":23,"column":50}}]},"1":{"loc":{"start":{"line":30,"column":4},"end":{"line":37,"column":null}},"type":"if","locations":[{"start":{"line":30,"column":4},"end":{"line":37,"column":null}}]},"2":{"loc":{"start":{"line":31,"column":6},"end":{"line":36,"column":null}},"type":"if","locations":[{"start":{"line":31,"column":6},"end":{"line":36,"column":null}},{"start":{"line":33,"column":13},"end":{"line":36,"column":null}}]},"3":{"loc":{"start":{"line":35,"column":23},"end":{"line":35,"column":40}},"type":"cond-expr","locations":[{"start":{"line":35,"column":33},"end":{"line":35,"column":35}},{"start":{"line":35,"column":38},"end":{"line":35,"column":40}}]},"4":{"loc":{"start":{"line":38,"column":4},"end":{"line":42,"column":null}},"type":"if","locations":[{"start":{"line":38,"column":4},"end":{"line":42,"column":null}},{"start":{"line":40,"column":11},"end":{"line":42,"column":null}}]}},"s":{"0":5,"1":5,"2":5,"3":5,"4":5,"5":10,"6":10,"7":10,"8":7,"9":5,"10":2,"11":2,"12":10,"13":5,"14":5,"15":10,"16":5,"17":1},"f":{"0":5},"b":{"0":[1,4],"1":[7],"2":[5,2],"3":[1,1],"4":[5,5]}}
,"/home/runner/work/utils/utils/src/throttle/throttle.ts": {"path":"/home/runner/work/utils/utils/src/throttle/throttle.ts","statementMap":{"0":{"start":{"line":18,"column":17},"end":{"line":18,"column":18}},"1":{"start":{"line":19,"column":2},"end":{"line":25,"column":null}},"2":{"start":{"line":20,"column":20},"end":{"line":20,"column":30}},"3":{"start":{"line":21,"column":4},"end":{"line":24,"column":null}},"4":{"start":{"line":22,"column":6},"end":{"line":22,"column":null}},"5":{"start":{"line":23,"column":6},"end":{"line":23,"column":null}},"6":{"start":{"line":17,"column":0},"end":{"line":17,"column":16}}},"fnMap":{"0":{"name":"throttle","decl":{"start":{"line":17,"column":16},"end":{"line":17,"column":24}},"loc":{"start":{"line":17,"column":51},"end":{"line":26,"column":1}}},"1":{"name":"next","decl":{"start":{"line":19,"column":18},"end":{"line":19,"column":22}},"loc":{"start":{"line":19,"column":42},"end":{"line":25,"column":3}}}},"branchMap":{"0":{"loc":{"start":{"line":17,"column":41},"end":{"line":17,"column":51}},"type":"default-arg","locations":[{"start":{"line":17,"column":48},"end":{"line":17,"column":51}}]},"1":{"loc":{"start":{"line":21,"column":4},"end":{"line":24,"column":null}},"type":"if","locations":[{"start":{"line":21,"column":4},"end":{"line":24,"column":null}}]},"2":{"loc":{"start":{"line":21,"column":8},"end":{"line":21,"column":47}},"type":"binary-expr","locations":[{"start":{"line":21,"column":8},"end":{"line":21,"column":34}},{"start":{"line":21,"column":38},"end":{"line":21,"column":47}}]}},"s":{"0":1,"1":1,"2":3,"3":3,"4":1,"5":1,"6":1},"f":{"0":1,"1":3},"b":{"0":[1],"1":[1],"2":[3,3]}}
,"/home/runner/work/utils/utils/src/toFirstCase/toFirstCase.ts": {"path":"/home/runner/work/utils/utils/src/toFirstCase/toFirstCase.ts","statementMap":{"0":{"start":{"line":15,"column":15},"end":{"line":15,"column":33}},"1":{"start":{"line":16,"column":17},"end":{"line":16,"column":61}},"2":{"start":{"line":17,"column":2},"end":{"line":17,"column":null}},"3":{"start":{"line":14,"column":0},"end":{"line":14,"column":16}}},"fnMap":{"0":{"name":"toFirstCase","decl":{"start":{"line":14,"column":16},"end":{"line":14,"column":27}},"loc":{"start":{"line":14,"column":40},"end":{"line":18,"column":1}}}},"branchMap":{},"s":{"0":3,"1":3,"2":3,"3":1},"f":{"0":3},"b":{}}
,"/home/runner/work/utils/utils/src/validator/validator.ts": {"path":"/home/runner/work/utils/utils/src/validator/validator.ts","statementMap":{"0":{"start":{"line":25,"column":18},"end":{"line":65,"column":null}},"1":{"start":{"line":69,"column":16},"end":{"line":69,"column":37}},"2":{"start":{"line":70,"column":2},"end":{"line":70,"column":null}},"3":{"start":{"line":68,"column":0},"end":{"line":68,"column":16}}},"fnMap":{"0":{"name":"validator","decl":{"start":{"line":68,"column":16},"end":{"line":68,"column":25}},"loc":{"start":{"line":68,"column":54},"end":{"line":71,"column":1}}}},"branchMap":{},"s":{"0":1,"1":22,"2":22,"3":1},"f":{"0":22},"b":{}}
}
