{"/home/runner/work/utils/utils/src/formatTime/formatTime.ts": {"path":"/home/runner/work/utils/utils/src/formatTime/formatTime.ts","statementMap":{"0":{"start":{"line":21,"column":17},"end":{"line":21,"column":36}},"1":{"start":{"line":22,"column":17},"end":{"line":22,"column":20}},"2":{"start":{"line":23,"column":14},"end":{"line":31,"column":null}},"3":{"start":{"line":32,"column":4},"end":{"line":40,"column":null}},"4":{"start":{"line":33,"column":8},"end":{"line":39,"column":null}},"5":{"start":{"line":41,"column":4},"end":{"line":50,"column":null}},"6":{"start":{"line":42,"column":8},"end":{"line":49,"column":null}},"7":{"start":{"line":43,"column":12},"end":{"line":48,"column":null}},"8":{"start":{"line":51,"column":4},"end":{"line":51,"column":null}},"9":{"start":{"line":20,"column":0},"end":{"line":20,"column":16}}},"fnMap":{"0":{"name":"formatTime","decl":{"start":{"line":20,"column":16},"end":{"line":20,"column":26}},"loc":{"start":{"line":20,"column":64},"end":{"line":52,"column":1}}}},"branchMap":{"0":{"loc":{"start":{"line":20,"column":52},"end":{"line":20,"column":64}},"type":"default-arg","locations":[{"start":{"line":20,"column":52},"end":{"line":20,"column":64}}]},"1":{"loc":{"start":{"line":32,"column":4},"end":{"line":40,"column":null}},"type":"if","locations":[{"start":{"line":32,"column":4},"end":{"line":40,"column":null}},{"start":{"line":32,"column":4},"end":{"line":40,"column":null}}]},"2":{"loc":{"start":{"line":42,"column":8},"end":{"line":49,"column":null}},"type":"if","locations":[{"start":{"line":42,"column":8},"end":{"line":49,"column":null}},{"start":{"line":42,"column":8},"end":{"line":49,"column":null}}]},"3":{"loc":{"start":{"line":46,"column":22},"end":{"line":46,"column":26}},"type":"cond-expr","locations":[{"start":{"line":46,"column":22},"end":{"line":46,"column":26}},{"start":{"line":47,"column":22},"end":{"line":47,"column":58}}]}},"s":{"0":2,"1":2,"2":2,"3":2,"4":2,"5":2,"6":14,"7":4,"8":2,"9":1},"f":{"0":2},"b":{"0":[1],"1":[2,0],"2":[4,10],"3":[0,4]}}
,"/home/runner/work/utils/utils/src/get/get.ts": {"path":"/home/runner/work/utils/utils/src/get/get.ts","statementMap":{"0":{"start":{"line":28,"column":13},"end":{"line":39,"column":null}},"1":{"start":{"line":30,"column":18},"end":{"line":30,"column":62}},"2":{"start":{"line":31,"column":17},"end":{"line":31,"column":23}},"3":{"start":{"line":32,"column":4},"end":{"line":37,"column":null}},"4":{"start":{"line":33,"column":8},"end":{"line":33,"column":null}},"5":{"start":{"line":34,"column":8},"end":{"line":36,"column":null}},"6":{"start":{"line":35,"column":12},"end":{"line":35,"column":null}},"7":{"start":{"line":38,"column":4},"end":{"line":38,"column":null}}},"fnMap":{"0":{"name":"(anonymous_0)","decl":{"start":{"line":28,"column":19},"end":{"line":28,"column":20}},"loc":{"start":{"line":28,"column":77},"end":{"line":39,"column":1}}}},"branchMap":{"0":{"loc":{"start":{"line":34,"column":8},"end":{"line":36,"column":null}},"type":"if","locations":[{"start":{"line":34,"column":8},"end":{"line":36,"column":null}},{"start":{"line":34,"column":8},"end":{"line":36,"column":null}}]}},"s":{"0":1,"1":5,"2":5,"3":5,"4":11,"5":11,"6":2,"7":3},"f":{"0":5},"b":{"0":[2,9]}}
,"/home/runner/work/utils/utils/src/getDataType/getDataType.ts": {"path":"/home/runner/work/utils/utils/src/getDataType/getDataType.ts","statementMap":{"0":{"start":{"line":15,"column":20},"end":{"line":15,"column":56}},"1":{"start":{"line":16,"column":4},"end":{"line":16,"column":null}},"2":{"start":{"line":14,"column":0},"end":{"line":14,"column":16}}},"fnMap":{"0":{"name":"getDataType","decl":{"start":{"line":14,"column":16},"end":{"line":14,"column":27}},"loc":{"start":{"line":14,"column":38},"end":{"line":17,"column":1}}}},"branchMap":{},"s":{"0":8,"1":8,"2":1},"f":{"0":8},"b":{}}
,"/home/runner/work/utils/utils/src/getUrlParam/getUrlParam.ts": {"path":"/home/runner/work/utils/utils/src/getUrlParam/getUrlParam.ts","statementMap":{"0":{"start":{"line":13,"column":16},"end":{"line":13,"column":55}},"1":{"start":{"line":14,"column":17},"end":{"line":14,"column":44}},"2":{"start":{"line":15,"column":19},"end":{"line":15,"column":34}},"3":{"start":{"line":16,"column":4},"end":{"line":16,"column":null}},"4":{"start":{"line":12,"column":0},"end":{"line":12,"column":16}}},"fnMap":{"0":{"name":"getUrlParam","decl":{"start":{"line":12,"column":16},"end":{"line":12,"column":27}},"loc":{"start":{"line":12,"column":54},"end":{"line":17,"column":1}}}},"branchMap":{"0":{"loc":{"start":{"line":14,"column":17},"end":{"line":14,"column":20}},"type":"binary-expr","locations":[{"start":{"line":14,"column":17},"end":{"line":14,"column":20}},{"start":{"line":14,"column":24},"end":{"line":14,"column":44}}]},"1":{"loc":{"start":{"line":16,"column":12},"end":{"line":16,"column":18}},"type":"binary-expr","locations":[{"start":{"line":16,"column":12},"end":{"line":16,"column":18}},{"start":{"line":16,"column":22},"end":{"line":16,"column":42}},{"start":{"line":16,"column":47},"end":{"line":16,"column":49}}]}},"s":{"0":1,"1":1,"2":1,"3":1,"4":1},"f":{"0":1},"b":{"0":[1,0],"1":[1,1,0]}}
,"/home/runner/work/utils/utils/src/toFirstCase/toFirstCase.ts": {"path":"/home/runner/work/utils/utils/src/toFirstCase/toFirstCase.ts","statementMap":{"0":{"start":{"line":15,"column":17},"end":{"line":15,"column":35}},"1":{"start":{"line":16,"column":19},"end":{"line":16,"column":63}},"2":{"start":{"line":17,"column":4},"end":{"line":17,"column":null}},"3":{"start":{"line":14,"column":0},"end":{"line":14,"column":16}}},"fnMap":{"0":{"name":"toFirstCase","decl":{"start":{"line":14,"column":16},"end":{"line":14,"column":27}},"loc":{"start":{"line":14,"column":40},"end":{"line":18,"column":1}}}},"branchMap":{},"s":{"0":3,"1":3,"2":3,"3":1},"f":{"0":3},"b":{}}
,"/home/runner/work/utils/utils/src/validator/validator.ts": {"path":"/home/runner/work/utils/utils/src/validator/validator.ts","statementMap":{"0":{"start":{"line":25,"column":18},"end":{"line":62,"column":null}},"1":{"start":{"line":66,"column":18},"end":{"line":66,"column":39}},"2":{"start":{"line":67,"column":4},"end":{"line":67,"column":null}},"3":{"start":{"line":65,"column":0},"end":{"line":65,"column":16}}},"fnMap":{"0":{"name":"validator","decl":{"start":{"line":65,"column":16},"end":{"line":65,"column":25}},"loc":{"start":{"line":65,"column":54},"end":{"line":68,"column":1}}}},"branchMap":{},"s":{"0":1,"1":22,"2":22,"3":1},"f":{"0":22},"b":{}}
}
