TN:
SF:src/get/get.ts
FN:28,(anonymous_0)
FNF:1
FNH:1
FNDA:5,(anonymous_0)
DA:28,1
DA:30,5
DA:31,5
DA:32,5
DA:33,11
DA:34,11
DA:35,2
DA:38,3
LF:8
LH:8
BRDA:34,0,0,2
BRDA:34,0,1,9
BRF:2
BRH:2
end_of_record
TN:
SF:src/getUrlParam/getUrlParam.ts
FN:12,getUrlParam
FNF:1
FNH:1
FNDA:1,getUrlParam
DA:12,1
DA:13,1
DA:14,1
DA:15,1
DA:16,1
LF:5
LH:5
BRDA:14,0,0,1
BRDA:14,0,1,0
BRDA:16,1,0,1
BRDA:16,1,1,1
BRDA:16,1,2,0
BRF:5
BRH:3
end_of_record
TN:
SF:src/toFirstCase/toFirstCase.ts
FN:14,toFirstCase
FNF:1
FNH:1
FNDA:3,toFirstCase
DA:14,1
DA:15,3
DA:16,3
DA:17,3
LF:4
LH:4
BRF:0
BRH:0
end_of_record
TN:
SF:src/validator/validator.ts
FN:65,validator
FNF:1
FNH:1
FNDA:22,validator
DA:25,1
DA:65,1
DA:66,22
DA:67,22
LF:4
LH:4
BRF:0
BRH:0
end_of_record
